0 info it worked if it ends with ok
1 verbose cli [ '/home/sergei/.nvm/versions/node/v6.10.3/bin/node',
1 verbose cli   '/home/sergei/.nvm/versions/node/v6.10.3/bin/npm',
1 verbose cli   'run',
1 verbose cli   'dev' ]
2 info using npm@3.10.10
3 info using node@v6.10.3
4 verbose run-script [ 'predev', 'dev', 'postdev' ]
5 info lifecycle keep-me-posted@1.0.0~predev: keep-me-posted@1.0.0
6 silly lifecycle keep-me-posted@1.0.0~predev: no script for predev, continuing
7 info lifecycle keep-me-posted@1.0.0~dev: keep-me-posted@1.0.0
8 verbose lifecycle keep-me-posted@1.0.0~dev: unsafe-perm in lifecycle true
9 verbose lifecycle keep-me-posted@1.0.0~dev: PATH: /home/sergei/.nvm/versions/node/v6.10.3/lib/node_modules/npm/bin/node-gyp-bin:/home/sergei/Desktop/projects/KMP/node_modules/.bin:/home/sergei/.nvm/versions/node/v6.10.3/bin:/usr/local/sbin:/usr/local/bin:/usr/sbin:/usr/bin:/sbin:/bin:/usr/games:/usr/local/games
10 verbose lifecycle keep-me-posted@1.0.0~dev: CWD: /home/sergei/Desktop/projects/KMP
11 silly lifecycle keep-me-posted@1.0.0~dev: Args: [ '-c', 'npm-run-all --parallel webpackWatch serve' ]
12 info lifecycle keep-me-posted@1.0.0~dev: Failed to exec dev script
13 verbose stack Error: keep-me-posted@1.0.0 dev: `npm-run-all --parallel webpackWatch serve`
13 verbose stack spawn ENOENT
13 verbose stack     at ChildProcess.<anonymous> (/home/sergei/.nvm/versions/node/v6.10.3/lib/node_modules/npm/lib/utils/spawn.js:33:16)
13 verbose stack     at emitTwo (events.js:106:13)
13 verbose stack     at ChildProcess.emit (events.js:191:7)
13 verbose stack     at maybeClose (internal/child_process.js:886:16)
13 verbose stack     at Process.ChildProcess._handle.onexit (internal/child_process.js:226:5)
14 verbose pkgid keep-me-posted@1.0.0
15 verbose cwd /home/sergei/Desktop/projects/KMP
16 error Linux 4.4.0-34-generic
17 error argv "/home/sergei/.nvm/versions/node/v6.10.3/bin/node" "/home/sergei/.nvm/versions/node/v6.10.3/bin/npm" "run" "dev"
18 error node v6.10.3
19 error npm  v3.10.10
20 error file sh
21 error code ELIFECYCLE
22 error errno ENOENT
23 error syscall spawn
24 error keep-me-posted@1.0.0 dev: `npm-run-all --parallel webpackWatch serve`
24 error spawn ENOENT
25 error Failed at the keep-me-posted@1.0.0 dev script 'npm-run-all --parallel webpackWatch serve'.
25 error Make sure you have the latest version of node.js and npm installed.
25 error If you do, this is most likely a problem with the keep-me-posted package,
25 error not with npm itself.
25 error Tell the author that this fails on your system:
25 error     npm-run-all --parallel webpackWatch serve
25 error You can get information on how to open an issue for this project with:
25 error     npm bugs keep-me-posted
25 error Or if that isn't available, you can get their info via:
25 error     npm owner ls keep-me-posted
25 error There is likely additional logging output above.
26 verbose exit [ 1, true ]
